2022-03-15 15:47:51.658697: I tensorflow/stream_executor/platform/default/dso_loader.cc:49] Successfully opened dynamic library libcudart.so.10.1
2022-03-15 15:48:01.511447: I tensorflow/compiler/jit/xla_cpu_device.cc:41] Not creating XLA devices, tf_xla_enable_xla_devices not set
2022-03-15 15:48:01.593035: I tensorflow/stream_executor/platform/default/dso_loader.cc:49] Successfully opened dynamic library libcuda.so.1
2022-03-15 15:48:01.660572: I tensorflow/core/common_runtime/gpu/gpu_device.cc:1720] Found device 0 with properties: 
pciBusID: 0000:17:00.0 name: NVIDIA GeForce GTX 1080 Ti computeCapability: 6.1
coreClock: 1.683GHz coreCount: 28 deviceMemorySize: 10.92GiB deviceMemoryBandwidth: 451.17GiB/s
2022-03-15 15:48:01.661872: I tensorflow/core/common_runtime/gpu/gpu_device.cc:1720] Found device 1 with properties: 
pciBusID: 0000:65:00.0 name: NVIDIA GeForce GTX 1080 Ti computeCapability: 6.1
coreClock: 1.683GHz coreCount: 28 deviceMemorySize: 10.91GiB deviceMemoryBandwidth: 451.17GiB/s
2022-03-15 15:48:01.661937: I tensorflow/stream_executor/platform/default/dso_loader.cc:49] Successfully opened dynamic library libcudart.so.10.1
2022-03-15 15:48:01.709697: I tensorflow/stream_executor/platform/default/dso_loader.cc:49] Successfully opened dynamic library libcublas.so.10
2022-03-15 15:48:01.709830: I tensorflow/stream_executor/platform/default/dso_loader.cc:49] Successfully opened dynamic library libcublasLt.so.10
2022-03-15 15:48:01.817348: I tensorflow/stream_executor/platform/default/dso_loader.cc:49] Successfully opened dynamic library libcufft.so.10
2022-03-15 15:48:01.852359: I tensorflow/stream_executor/platform/default/dso_loader.cc:49] Successfully opened dynamic library libcurand.so.10
2022-03-15 15:48:01.898509: I tensorflow/stream_executor/platform/default/dso_loader.cc:49] Successfully opened dynamic library libcusolver.so.10
2022-03-15 15:48:01.940483: I tensorflow/stream_executor/platform/default/dso_loader.cc:49] Successfully opened dynamic library libcusparse.so.10
2022-03-15 15:48:02.146829: I tensorflow/stream_executor/platform/default/dso_loader.cc:49] Successfully opened dynamic library libcudnn.so.7
2022-03-15 15:48:02.152881: I tensorflow/core/common_runtime/gpu/gpu_device.cc:1862] Adding visible gpu devices: 0, 1
2022-03-15 15:48:02.153569: I tensorflow/core/platform/cpu_feature_guard.cc:142] This TensorFlow binary is optimized with oneAPI Deep Neural Network Library (oneDNN) to use the following CPU instructions in performance-critical operations:  SSE4.1 SSE4.2 AVX AVX2 AVX512F FMA
To enable them in other operations, rebuild TensorFlow with the appropriate compiler flags.
2022-03-15 15:48:02.515115: I tensorflow/core/common_runtime/gpu/gpu_device.cc:1720] Found device 0 with properties: 
pciBusID: 0000:17:00.0 name: NVIDIA GeForce GTX 1080 Ti computeCapability: 6.1
coreClock: 1.683GHz coreCount: 28 deviceMemorySize: 10.92GiB deviceMemoryBandwidth: 451.17GiB/s
2022-03-15 15:48:02.515620: I tensorflow/core/common_runtime/gpu/gpu_device.cc:1720] Found device 1 with properties: 
pciBusID: 0000:65:00.0 name: NVIDIA GeForce GTX 1080 Ti computeCapability: 6.1
coreClock: 1.683GHz coreCount: 28 deviceMemorySize: 10.91GiB deviceMemoryBandwidth: 451.17GiB/s
2022-03-15 15:48:02.515646: I tensorflow/stream_executor/platform/default/dso_loader.cc:49] Successfully opened dynamic library libcudart.so.10.1
2022-03-15 15:48:02.515672: I tensorflow/stream_executor/platform/default/dso_loader.cc:49] Successfully opened dynamic library libcublas.so.10
2022-03-15 15:48:02.515683: I tensorflow/stream_executor/platform/default/dso_loader.cc:49] Successfully opened dynamic library libcublasLt.so.10
2022-03-15 15:48:02.515691: I tensorflow/stream_executor/platform/default/dso_loader.cc:49] Successfully opened dynamic library libcufft.so.10
2022-03-15 15:48:02.515700: I tensorflow/stream_executor/platform/default/dso_loader.cc:49] Successfully opened dynamic library libcurand.so.10
2022-03-15 15:48:02.515709: I tensorflow/stream_executor/platform/default/dso_loader.cc:49] Successfully opened dynamic library libcusolver.so.10
2022-03-15 15:48:02.515730: I tensorflow/stream_executor/platform/default/dso_loader.cc:49] Successfully opened dynamic library libcusparse.so.10
2022-03-15 15:48:02.515738: I tensorflow/stream_executor/platform/default/dso_loader.cc:49] Successfully opened dynamic library libcudnn.so.7
2022-03-15 15:48:02.517357: I tensorflow/core/common_runtime/gpu/gpu_device.cc:1862] Adding visible gpu devices: 0, 1
2022-03-15 15:48:02.529154: I tensorflow/stream_executor/platform/default/dso_loader.cc:49] Successfully opened dynamic library libcudart.so.10.1
2022-03-15 15:48:07.268207: I tensorflow/core/common_runtime/gpu/gpu_device.cc:1261] Device interconnect StreamExecutor with strength 1 edge matrix:
2022-03-15 15:48:07.268268: I tensorflow/core/common_runtime/gpu/gpu_device.cc:1267]      0 1 
2022-03-15 15:48:07.268276: I tensorflow/core/common_runtime/gpu/gpu_device.cc:1280] 0:   N Y 
2022-03-15 15:48:07.268280: I tensorflow/core/common_runtime/gpu/gpu_device.cc:1280] 1:   Y N 
2022-03-15 15:48:07.301827: I tensorflow/core/common_runtime/gpu/gpu_device.cc:1406] Created TensorFlow device (/job:localhost/replica:0/task:0/device:GPU:0 with 10261 MB memory) -> physical GPU (device: 0, name: NVIDIA GeForce GTX 1080 Ti, pci bus id: 0000:17:00.0, compute capability: 6.1)
2022-03-15 15:48:07.314926: I tensorflow/core/common_runtime/gpu/gpu_device.cc:1406] Created TensorFlow device (/job:localhost/replica:0/task:0/device:GPU:1 with 10011 MB memory) -> physical GPU (device: 1, name: NVIDIA GeForce GTX 1080 Ti, pci bus id: 0000:65:00.0, compute capability: 6.1)
2022-03-15 15:48:07.315314: I tensorflow/compiler/jit/xla_gpu_device.cc:99] Not creating XLA devices, tf_xla_enable_xla_devices not set
WARNING:tensorflow:AutoGraph could not transform <function decode at 0x7fa82a61c790> and will run it as-is.
Please report this to the TensorFlow team. When filing the bug, set the verbosity to 10 (on Linux, `export AUTOGRAPH_VERBOSITY=10`) and attach the full output.
Cause: module 'gast' has no attribute 'Index'
To silence this warning, decorate the function with @tf.autograph.experimental.do_not_convert
WARNING:tensorflow:AutoGraph could not transform <bound method EmbeddingLayer.call of <Layers.EmbeddingLayer.EmbeddingLayer object at 0x7fa7ac599e50>> and will run it as-is.
Please report this to the TensorFlow team. When filing the bug, set the verbosity to 10 (on Linux, `export AUTOGRAPH_VERBOSITY=10`) and attach the full output.
Cause: module 'gast' has no attribute 'Index'
To silence this warning, decorate the function with @tf.autograph.experimental.do_not_convert
Epoch 1/100
WARNING:tensorflow:AutoGraph could not transform <bound method DeepNet.call of <Layers.DeepNet.DeepNet object at 0x7fa7ac599280>> and will run it as-is.
Please report this to the TensorFlow team. When filing the bug, set the verbosity to 10 (on Linux, `export AUTOGRAPH_VERBOSITY=10`) and attach the full output.
Cause: module 'gast' has no attribute 'Index'
To silence this warning, decorate the function with @tf.autograph.experimental.do_not_convert
WARNING:tensorflow:AutoGraph could not transform <bound method CrossNetV2.call of <Layers.CrossNetV2.CrossNetV2 object at 0x7fa7ac599d30>> and will run it as-is.
Please report this to the TensorFlow team. When filing the bug, set the verbosity to 10 (on Linux, `export AUTOGRAPH_VERBOSITY=10`) and attach the full output.
Cause: module 'gast' has no attribute 'Index'
To silence this warning, decorate the function with @tf.autograph.experimental.do_not_convert
2022-03-15 15:48:09.001796: I tensorflow/compiler/mlir/mlir_graph_optimization_pass.cc:116] None of the MLIR optimization passes are enabled (registered 2)
2022-03-15 15:48:09.029443: I tensorflow/core/platform/profile_utils/cpu_utils.cc:112] CPU Frequency: 3499910000 Hz
2022-03-15 15:48:09.518765: I tensorflow/stream_executor/platform/default/dso_loader.cc:49] Successfully opened dynamic library libcublas.so.10
3668/3668 - 1821s - loss: 0.4508 - auc: 0.8000 - val_loss: 0.4417 - val_auc: 0.8102
Epoch 2/100
3668/3668 - 1755s - loss: 0.4331 - auc: 0.8192 - val_loss: 0.4402 - val_auc: 0.8119
Epoch 3/100
3668/3668 - 2007s - loss: 0.4248 - auc: 0.8275 - val_loss: 0.4417 - val_auc: 0.8108
Epoch 4/100
3668/3668 - 1852s - loss: 0.4204 - auc: 0.8318 - val_loss: 0.4432 - val_auc: 0.8099
459/459 - 199s - loss: 0.4397 - auc: 0.8121
2022-03-15 17:55:22.844231: W tensorflow/python/util/util.cc:348] Sets are not currently considered sequences, but this may change in the future, so consider avoiding using them.
WARNING:absl:Found untraced functions such as dense_1_layer_call_and_return_conditional_losses, dense_1_layer_call_fn, dense_2_layer_call_and_return_conditional_losses, dense_2_layer_call_fn, dense_3_layer_call_and_return_conditional_losses while saving (showing 5 of 70). These functions will not be directly callable after loading.
WARNING:absl:Found untraced functions such as dense_1_layer_call_and_return_conditional_losses, dense_1_layer_call_fn, dense_2_layer_call_and_return_conditional_losses, dense_2_layer_call_fn, dense_3_layer_call_and_return_conditional_losses while saving (showing 5 of 70). These functions will not be directly callable after loading.
