2022-03-16 07:10:16.399400: I tensorflow/stream_executor/platform/default/dso_loader.cc:49] Successfully opened dynamic library libcudart.so.10.1
2022-03-16 07:10:17.241752: I tensorflow/compiler/jit/xla_cpu_device.cc:41] Not creating XLA devices, tf_xla_enable_xla_devices not set
2022-03-16 07:10:17.242449: I tensorflow/stream_executor/platform/default/dso_loader.cc:49] Successfully opened dynamic library libcuda.so.1
2022-03-16 07:10:17.300320: I tensorflow/core/common_runtime/gpu/gpu_device.cc:1720] Found device 0 with properties: 
pciBusID: 0000:17:00.0 name: NVIDIA GeForce GTX 1080 Ti computeCapability: 6.1
coreClock: 1.683GHz coreCount: 28 deviceMemorySize: 10.92GiB deviceMemoryBandwidth: 451.17GiB/s
2022-03-16 07:10:17.300781: I tensorflow/core/common_runtime/gpu/gpu_device.cc:1720] Found device 1 with properties: 
pciBusID: 0000:65:00.0 name: NVIDIA GeForce GTX 1080 Ti computeCapability: 6.1
coreClock: 1.683GHz coreCount: 28 deviceMemorySize: 10.91GiB deviceMemoryBandwidth: 451.17GiB/s
2022-03-16 07:10:17.300804: I tensorflow/stream_executor/platform/default/dso_loader.cc:49] Successfully opened dynamic library libcudart.so.10.1
2022-03-16 07:10:17.302154: I tensorflow/stream_executor/platform/default/dso_loader.cc:49] Successfully opened dynamic library libcublas.so.10
2022-03-16 07:10:17.302213: I tensorflow/stream_executor/platform/default/dso_loader.cc:49] Successfully opened dynamic library libcublasLt.so.10
2022-03-16 07:10:17.303491: I tensorflow/stream_executor/platform/default/dso_loader.cc:49] Successfully opened dynamic library libcufft.so.10
2022-03-16 07:10:17.303735: I tensorflow/stream_executor/platform/default/dso_loader.cc:49] Successfully opened dynamic library libcurand.so.10
2022-03-16 07:10:17.305085: I tensorflow/stream_executor/platform/default/dso_loader.cc:49] Successfully opened dynamic library libcusolver.so.10
2022-03-16 07:10:17.305821: I tensorflow/stream_executor/platform/default/dso_loader.cc:49] Successfully opened dynamic library libcusparse.so.10
2022-03-16 07:10:17.308811: I tensorflow/stream_executor/platform/default/dso_loader.cc:49] Successfully opened dynamic library libcudnn.so.7
2022-03-16 07:10:17.310974: I tensorflow/core/common_runtime/gpu/gpu_device.cc:1862] Adding visible gpu devices: 0, 1
2022-03-16 07:10:17.311285: I tensorflow/core/platform/cpu_feature_guard.cc:142] This TensorFlow binary is optimized with oneAPI Deep Neural Network Library (oneDNN) to use the following CPU instructions in performance-critical operations:  SSE4.1 SSE4.2 AVX AVX2 AVX512F FMA
To enable them in other operations, rebuild TensorFlow with the appropriate compiler flags.
2022-03-16 07:10:17.495292: I tensorflow/core/common_runtime/gpu/gpu_device.cc:1720] Found device 0 with properties: 
pciBusID: 0000:17:00.0 name: NVIDIA GeForce GTX 1080 Ti computeCapability: 6.1
coreClock: 1.683GHz coreCount: 28 deviceMemorySize: 10.92GiB deviceMemoryBandwidth: 451.17GiB/s
2022-03-16 07:10:17.495755: I tensorflow/core/common_runtime/gpu/gpu_device.cc:1720] Found device 1 with properties: 
pciBusID: 0000:65:00.0 name: NVIDIA GeForce GTX 1080 Ti computeCapability: 6.1
coreClock: 1.683GHz coreCount: 28 deviceMemorySize: 10.91GiB deviceMemoryBandwidth: 451.17GiB/s
2022-03-16 07:10:17.495780: I tensorflow/stream_executor/platform/default/dso_loader.cc:49] Successfully opened dynamic library libcudart.so.10.1
2022-03-16 07:10:17.495803: I tensorflow/stream_executor/platform/default/dso_loader.cc:49] Successfully opened dynamic library libcublas.so.10
2022-03-16 07:10:17.495817: I tensorflow/stream_executor/platform/default/dso_loader.cc:49] Successfully opened dynamic library libcublasLt.so.10
2022-03-16 07:10:17.495826: I tensorflow/stream_executor/platform/default/dso_loader.cc:49] Successfully opened dynamic library libcufft.so.10
2022-03-16 07:10:17.495835: I tensorflow/stream_executor/platform/default/dso_loader.cc:49] Successfully opened dynamic library libcurand.so.10
2022-03-16 07:10:17.495843: I tensorflow/stream_executor/platform/default/dso_loader.cc:49] Successfully opened dynamic library libcusolver.so.10
2022-03-16 07:10:17.495861: I tensorflow/stream_executor/platform/default/dso_loader.cc:49] Successfully opened dynamic library libcusparse.so.10
2022-03-16 07:10:17.495869: I tensorflow/stream_executor/platform/default/dso_loader.cc:49] Successfully opened dynamic library libcudnn.so.7
2022-03-16 07:10:17.497813: I tensorflow/core/common_runtime/gpu/gpu_device.cc:1862] Adding visible gpu devices: 0, 1
2022-03-16 07:10:17.497847: I tensorflow/stream_executor/platform/default/dso_loader.cc:49] Successfully opened dynamic library libcudart.so.10.1
2022-03-16 07:10:18.168404: I tensorflow/core/common_runtime/gpu/gpu_device.cc:1261] Device interconnect StreamExecutor with strength 1 edge matrix:
2022-03-16 07:10:18.168453: I tensorflow/core/common_runtime/gpu/gpu_device.cc:1267]      0 1 
2022-03-16 07:10:18.168469: I tensorflow/core/common_runtime/gpu/gpu_device.cc:1280] 0:   N Y 
2022-03-16 07:10:18.168474: I tensorflow/core/common_runtime/gpu/gpu_device.cc:1280] 1:   Y N 
2022-03-16 07:10:18.170160: I tensorflow/core/common_runtime/gpu/gpu_device.cc:1406] Created TensorFlow device (/job:localhost/replica:0/task:0/device:GPU:0 with 10261 MB memory) -> physical GPU (device: 0, name: NVIDIA GeForce GTX 1080 Ti, pci bus id: 0000:17:00.0, compute capability: 6.1)
2022-03-16 07:10:18.171265: I tensorflow/core/common_runtime/gpu/gpu_device.cc:1406] Created TensorFlow device (/job:localhost/replica:0/task:0/device:GPU:1 with 10044 MB memory) -> physical GPU (device: 1, name: NVIDIA GeForce GTX 1080 Ti, pci bus id: 0000:65:00.0, compute capability: 6.1)
2022-03-16 07:10:18.171475: I tensorflow/compiler/jit/xla_gpu_device.cc:99] Not creating XLA devices, tf_xla_enable_xla_devices not set
WARNING:tensorflow:AutoGraph could not transform <function decode at 0x7f80768fb790> and will run it as-is.
Please report this to the TensorFlow team. When filing the bug, set the verbosity to 10 (on Linux, `export AUTOGRAPH_VERBOSITY=10`) and attach the full output.
Cause: module 'gast' has no attribute 'Index'
To silence this warning, decorate the function with @tf.autograph.experimental.do_not_convert
WARNING:tensorflow:AutoGraph could not transform <bound method FMLayer.call of <Layers.FMLayer.FMLayer object at 0x7f8060021070>> and will run it as-is.
Please report this to the TensorFlow team. When filing the bug, set the verbosity to 10 (on Linux, `export AUTOGRAPH_VERBOSITY=10`) and attach the full output.
Cause: module 'gast' has no attribute 'Index'
To silence this warning, decorate the function with @tf.autograph.experimental.do_not_convert
Epoch 1/100
WARNING:tensorflow:AutoGraph could not transform <bound method DeepNet.call of <Layers.DeepNet.DeepNet object at 0x7f8060021220>> and will run it as-is.
Please report this to the TensorFlow team. When filing the bug, set the verbosity to 10 (on Linux, `export AUTOGRAPH_VERBOSITY=10`) and attach the full output.
Cause: module 'gast' has no attribute 'Index'
To silence this warning, decorate the function with @tf.autograph.experimental.do_not_convert
2022-03-16 07:10:19.295905: I tensorflow/compiler/mlir/mlir_graph_optimization_pass.cc:116] None of the MLIR optimization passes are enabled (registered 2)
2022-03-16 07:10:19.323082: I tensorflow/core/platform/profile_utils/cpu_utils.cc:112] CPU Frequency: 3499910000 Hz
2022-03-16 07:10:19.578517: I tensorflow/stream_executor/platform/default/dso_loader.cc:49] Successfully opened dynamic library libcublas.so.10
3668/3668 - 1853s - loss: 0.4593 - auc: 0.7904 - val_loss: 0.4482 - val_auc: 0.8032
Epoch 2/100
3668/3668 - 1863s - loss: 0.4400 - auc: 0.8119 - val_loss: 0.4462 - val_auc: 0.8054
Epoch 3/100
3668/3668 - 1806s - loss: 0.4323 - auc: 0.8201 - val_loss: 0.4474 - val_auc: 0.8047
Epoch 4/100
3668/3668 - 1731s - loss: 0.4284 - auc: 0.8241 - val_loss: 0.4482 - val_auc: 0.8041
459/459 - 224s - loss: 0.4459 - auc: 0.8055
WARNING:tensorflow:Skipping full serialization of Keras layer <Layers.EmbeddingLayer.EmbeddingLayer object at 0x7f8060021130>, because it is not built.
2022-03-16 09:14:56.956852: W tensorflow/python/util/util.cc:348] Sets are not currently considered sequences, but this may change in the future, so consider avoiding using them.
WARNING:absl:Found untraced functions such as dense_1_layer_call_and_return_conditional_losses, dense_1_layer_call_fn, dense_2_layer_call_and_return_conditional_losses, dense_2_layer_call_fn, dense_3_layer_call_and_return_conditional_losses while saving (showing 5 of 30). These functions will not be directly callable after loading.
WARNING:absl:Found untraced functions such as dense_1_layer_call_and_return_conditional_losses, dense_1_layer_call_fn, dense_2_layer_call_and_return_conditional_losses, dense_2_layer_call_fn, dense_3_layer_call_and_return_conditional_losses while saving (showing 5 of 30). These functions will not be directly callable after loading.
